[2026-04-02T03:06:47.301Z] Neue Session erstellt: 58241f22-2b5a-40c9-b793-e82bd704374a
[2026-04-02T03:06:48.012Z] Batch: 557 Positionen für Menschen gespeichert.
[2026-04-02T03:06:53.748Z] Batch: 1175 Positionen für Menschen gespeichert.
[2026-04-02T03:06:59.459Z] Batch: 1128 Positionen für Menschen gespeichert.
[2026-04-02T03:07:05.243Z] Batch: 1114 Positionen für Menschen gespeichert.
[2026-04-02T03:07:11.097Z] Batch: 1131 Positionen für Menschen gespeichert.
[2026-04-02T03:07:17.025Z] Batch: 1249 Positionen für Menschen gespeichert.
[2026-04-02T03:07:22.839Z] Batch: 1189 Positionen für Menschen gespeichert.
[2026-04-02T03:07:29.030Z] Batch: 1478 Positionen für Menschen gespeichert.
[2026-04-02T03:07:35.056Z] Batch: 1285 Positionen für Menschen gespeichert.
[2026-04-02T03:07:41.083Z] Batch: 1299 Positionen für Menschen gespeichert.
[2026-04-02T03:07:46.879Z] Batch: 1094 Positionen für Menschen gespeichert.
[2026-04-02T03:07:52.782Z] Batch: 1200 Positionen für Menschen gespeichert.
[2026-04-02T03:07:58.786Z] Batch: 1247 Positionen für Menschen gespeichert.
[2026-04-02T03:08:05.143Z] Batch: 1417 Positionen für Menschen gespeichert.
[2026-04-02T03:08:11.254Z] Batch: 1441 Positionen für Menschen gespeichert.
[2026-04-02T03:08:17.215Z] Batch: 1228 Positionen für Menschen gespeichert.
[2026-04-02T03:08:23.186Z] Batch: 1202 Positionen für Menschen gespeichert.
[2026-04-02T03:08:29.017Z] Batch: 1128 Positionen für Menschen gespeichert.
[2026-04-02T03:08:34.919Z] Batch: 1250 Positionen für Menschen gespeichert.
[2026-04-02T03:08:40.807Z] Batch: 1187 Positionen für Menschen gespeichert.
[2026-04-02T03:08:47.157Z] Batch: 1535 Positionen für Menschen gespeichert.
[2026-04-02T03:08:53.169Z] Batch: 1337 Positionen für Menschen gespeichert.
[2026-04-02T03:08:59.058Z] Batch: 1215 Positionen für Menschen gespeichert.
[2026-04-02T03:09:05.169Z] Batch: 1348 Positionen für Menschen gespeichert.
[2026-04-02T03:09:11.246Z] Batch: 1317 Positionen für Menschen gespeichert.
[2026-04-02T03:09:17.052Z] Batch: 1193 Positionen für Menschen gespeichert.
[2026-04-02T03:09:23.324Z] Batch: 1528 Positionen für Menschen gespeichert.
[2026-04-02T03:09:29.453Z] Batch: 1421 Positionen für Menschen gespeichert.
[2026-04-02T03:09:35.415Z] Batch: 1262 Positionen für Menschen gespeichert.
[2026-04-02T03:09:41.536Z] Batch: 1330 Positionen für Menschen gespeichert.
[2026-04-02T03:09:47.498Z] Batch: 1374 Positionen für Menschen gespeichert.
[2026-04-02T03:09:53.581Z] Batch: 1352 Positionen für Menschen gespeichert.
[2026-04-02T03:09:59.487Z] Batch: 1243 Positionen für Menschen gespeichert.
[2026-04-02T03:10:05.548Z] Batch: 1374 Positionen für Menschen gespeichert.
[2026-04-02T03:10:11.475Z] Batch: 1262 Positionen für Menschen gespeichert.
[2026-04-02T03:10:17.304Z] Batch: 1183 Positionen für Menschen gespeichert.
[2026-04-02T03:10:23.312Z] Batch: 1342 Positionen für Menschen gespeichert.
[2026-04-02T03:10:29.378Z] Batch: 1329 Positionen für Menschen gespeichert.
[2026-04-02T03:10:35.404Z] Batch: 1372 Positionen für Menschen gespeichert.
[2026-04-02T03:10:41.632Z] Batch: 1527 Positionen für Menschen gespeichert.
[2026-04-02T03:10:47.340Z] Batch: 1098 Positionen für Menschen gespeichert.
[2026-04-02T03:10:53.138Z] Batch: 1182 Positionen für Menschen gespeichert.
[2026-04-02T03:10:58.777Z] Batch: 967 Positionen für Menschen gespeichert.
[2026-04-02T03:11:04.501Z] Batch: 1097 Positionen für Menschen gespeichert.
[2026-04-02T03:11:10.743Z] Batch: 1505 Positionen für Menschen gespeichert.
[2026-04-02T03:11:16.681Z] Batch: 1270 Positionen für Menschen gespeichert.
[2026-04-02T03:11:22.678Z] Batch: 1383 Positionen für Menschen gespeichert.
[2026-04-02T03:11:28.571Z] Batch: 1177 Positionen für Menschen gespeichert.
[2026-04-02T03:11:34.169Z] Batch: 950 Positionen für Menschen gespeichert.
[2026-04-02T03:11:39.953Z] Batch: 1008 Positionen für Menschen gespeichert.
[2026-04-02T03:11:45.889Z] Batch: 1248 Positionen für Menschen gespeichert.
[2026-04-02T03:11:51.947Z] Batch: 1366 Positionen für Menschen gespeichert.
[2026-04-02T03:11:58.152Z] Batch: 1428 Positionen für Menschen gespeichert.
[2026-04-02T03:12:03.722Z] Batch: 1078 Positionen für Menschen gespeichert.
[2026-04-02T03:12:09.527Z] Batch: 1197 Positionen für Menschen gespeichert.
[2026-04-02T03:12:15.166Z] Batch: 974 Positionen für Menschen gespeichert.
[2026-04-02T03:12:21.025Z] Batch: 1101 Positionen für Menschen gespeichert.
[2026-04-02T03:12:27.057Z] Batch: 1330 Positionen für Menschen gespeichert.
[2026-04-02T03:12:32.976Z] Batch: 1285 Positionen für Menschen gespeichert.
[2026-04-02T03:12:38.459Z] Batch: 844 Positionen für Menschen gespeichert.
[2026-04-02T03:12:43.829Z] Batch: 730 Positionen für Menschen gespeichert.
[2026-04-02T03:12:49.378Z] Batch: 909 Positionen für Menschen gespeichert.
[2026-04-02T03:12:55.311Z] Batch: 1174 Positionen für Menschen gespeichert.
[2026-04-02T03:13:01.179Z] Batch: 1151 Positionen für Menschen gespeichert.
[2026-04-02T03:13:07.104Z] Batch: 1255 Positionen für Menschen gespeichert.
[2026-04-02T03:13:13.441Z] Batch: 1583 Positionen für Menschen gespeichert.
[2026-04-02T03:13:19.427Z] Batch: 1336 Positionen für Menschen gespeichert.
[2026-04-02T03:13:25.331Z] Batch: 1203 Positionen für Menschen gespeichert.
[2026-04-02T03:13:30.923Z] Batch: 978 Positionen für Menschen gespeichert.
[2026-04-02T03:13:36.579Z] Batch: 1001 Positionen für Menschen gespeichert.
[2026-04-02T03:13:42.417Z] Batch: 1113 Positionen für Menschen gespeichert.
[2026-04-02T03:13:48.520Z] Batch: 1420 Positionen für Menschen gespeichert.
[2026-04-02T03:13:54.808Z] Batch: 1577 Positionen für Menschen gespeichert.
[2026-04-02T03:14:00.818Z] Batch: 1322 Positionen für Menschen gespeichert.
[2026-04-02T03:14:06.510Z] Batch: 1045 Positionen für Menschen gespeichert.
[2026-04-02T03:14:12.344Z] Batch: 1069 Positionen für Menschen gespeichert.
[2026-04-02T03:14:18.068Z] Batch: 1037 Positionen für Menschen gespeichert.
[2026-04-02T03:14:23.896Z] Batch: 1190 Positionen für Menschen gespeichert.
[2026-04-02T03:14:30.451Z] Batch: 1760 Positionen für Menschen gespeichert.
[2026-04-02T03:14:36.560Z] Batch: 1347 Positionen für Menschen gespeichert.
[2026-04-02T03:14:42.267Z] Batch: 1033 Positionen für Menschen gespeichert.
[2026-04-02T03:14:47.666Z] Batch: 852 Positionen für Menschen gespeichert.
[2026-04-02T03:14:53.217Z] Batch: 852 Positionen für Menschen gespeichert.
[2026-04-02T03:14:58.770Z] Batch: 843 Positionen für Menschen gespeichert.
[2026-04-02T03:15:04.385Z] Batch: 943 Positionen für Menschen gespeichert.
[2026-04-02T03:15:10.123Z] Batch: 1064 Positionen für Menschen gespeichert.
[2026-04-02T03:15:15.757Z] Batch: 978 Positionen für Menschen gespeichert.
[2026-04-02T03:15:56.150Z] Session gestartet: 6a6ca9ea-2055-4ab9-8e4a-dd54c634c43e
[2026-04-02T03:16:44.634Z] Session gestartet: 50aca24c-8ad1-44b1-93e3-e5bc20b48b3f
[2026-04-02T03:24:56.378Z] FINISH: Speichere Top-2 Runden...
[2026-04-02T03:24:59.936Z] Session erfolgreich abgeschlossen.
